Copyright 1986-2022 Xilinx, Inc. All Rights Reserved. Copyright 2022-2023 Advanced Micro Devices, Inc. All Rights Reserved.
-----------------------------------------------------------------------------------------------------------------------------------------------------------------------------------------------------------------
| Tool Version : Vivado v.2023.1 (win64) Build 3865809 Sun May  7 15:05:29 MDT 2023
| Date         : Wed Apr 15 05:22:03 2026
| Host         : Charbel-DESKTOP running 64-bit major release  (build 9200)
| Command      : report_methodology -file space_invaders_bd_wrapper_methodology_drc_routed.rpt -pb space_invaders_bd_wrapper_methodology_drc_routed.pb -rpx space_invaders_bd_wrapper_methodology_drc_routed.rpx
| Design       : space_invaders_bd_wrapper
| Device       : xc7z010clg400-1
| Speed File   : -1
| Design State : Fully Routed
-----------------------------------------------------------------------------------------------------------------------------------------------------------------------------------------------------------------

Report Methodology

Table of Contents
-----------------
1. REPORT SUMMARY
2. REPORT DETAILS

1. REPORT SUMMARY
-----------------
            Netlist: netlist
          Floorplan: design_1
      Design limits: <entire design considered>
             Max violations: <unlimited>
             Violations found: 16
+-----------+------------------+------------------------------------------------+------------+
| Rule      | Severity         | Description                                    | Violations |
+-----------+------------------+------------------------------------------------+------------+
| TIMING-6  | Critical Warning | No common primary clock between related clocks | 1          |
| TIMING-7  | Critical Warning | No common node between related clocks          | 1          |
| TIMING-18 | Warning          | Missing input or output delay                  | 14         |
+-----------+------------------+------------------------------------------------+------------+

2. REPORT DETAILS
-----------------
TIMING-6#1 Critical Warning
No common primary clock between related clocks  
The clocks clk_fpga_0 and clk_fpga_1 are related (timed together) but they have no common primary clock. The design could fail in hardware. To find a timing path between these clocks, run the following command: report_timing -from [get_clocks clk_fpga_0] -to [get_clocks clk_fpga_1]
Related violations: <none>

TIMING-7#1 Critical Warning
No common node between related clocks  
The clocks clk_fpga_0 and clk_fpga_1 are related (timed together) but they have no common node. The design could fail in hardware. To find a timing path between these clocks, run the following command: report_timing -from [get_clocks clk_fpga_0] -to [get_clocks clk_fpga_1]
Related violations: <none>

TIMING-18#1 Warning
Missing input or output delay  
An output delay is missing on vga_b_0[0] relative to the rising and/or falling clock edge(s) of clk_fpga_0, clk_fpga_1.
Related violations: <none>

TIMING-18#2 Warning
Missing input or output delay  
An output delay is missing on vga_b_0[1] relative to the rising and/or falling clock edge(s) of clk_fpga_0, clk_fpga_1.
Related violations: <none>

TIMING-18#3 Warning
Missing input or output delay  
An output delay is missing on vga_b_0[2] relative to the rising and/or falling clock edge(s) of clk_fpga_0, clk_fpga_1.
Related violations: <none>

TIMING-18#4 Warning
Missing input or output delay  
An output delay is missing on vga_b_0[3] relative to the rising and/or falling clock edge(s) of clk_fpga_0, clk_fpga_1.
Related violations: <none>

TIMING-18#5 Warning
Missing input or output delay  
An output delay is missing on vga_g_0[0] relative to the rising and/or falling clock edge(s) of clk_fpga_0, clk_fpga_1.
Related violations: <none>

TIMING-18#6 Warning
Missing input or output delay  
An output delay is missing on vga_g_0[1] relative to the rising and/or falling clock edge(s) of clk_fpga_0, clk_fpga_1.
Related violations: <none>

TIMING-18#7 Warning
Missing input or output delay  
An output delay is missing on vga_g_0[2] relative to the rising and/or falling clock edge(s) of clk_fpga_0, clk_fpga_1.
Related violations: <none>

TIMING-18#8 Warning
Missing input or output delay  
An output delay is missing on vga_g_0[3] relative to the rising and/or falling clock edge(s) of clk_fpga_0, clk_fpga_1.
Related violations: <none>

TIMING-18#9 Warning
Missing input or output delay  
An output delay is missing on vga_hs_0 relative to the rising and/or falling clock edge(s) of clk_fpga_1.
Related violations: <none>

TIMING-18#10 Warning
Missing input or output delay  
An output delay is missing on vga_r_0[0] relative to the rising and/or falling clock edge(s) of clk_fpga_0, clk_fpga_1.
Related violations: <none>

TIMING-18#11 Warning
Missing input or output delay  
An output delay is missing on vga_r_0[1] relative to the rising and/or falling clock edge(s) of clk_fpga_0, clk_fpga_1.
Related violations: <none>

TIMING-18#12 Warning
Missing input or output delay  
An output delay is missing on vga_r_0[2] relative to the rising and/or falling clock edge(s) of clk_fpga_0, clk_fpga_1.
Related violations: <none>

TIMING-18#13 Warning
Missing input or output delay  
An output delay is missing on vga_r_0[3] relative to the rising and/or falling clock edge(s) of clk_fpga_0, clk_fpga_1.
Related violations: <none>

TIMING-18#14 Warning
Missing input or output delay  
An output delay is missing on vga_vs_0 relative to the rising and/or falling clock edge(s) of clk_fpga_1.
Related violations: <none>


