04:00:16 DEBUG : Logs will be stored at 'C:/Users/aboua/OneDrive/Desktop/projects/space_invaders_soc/space_invaders_soc_vitis/IDE.log'.
04:00:25 INFO  : Launching XSCT server: xsct.bat -n  -interactive C:\Users\aboua\OneDrive\Desktop\projects\space_invaders_soc\space_invaders_soc_vitis\temp_xsdb_launch_script.tcl
04:00:25 INFO  : Registering command handlers for Vitis TCF services
04:00:26 INFO  : Platform repository initialization has completed.
04:00:27 INFO  : XSCT server has started successfully.
04:00:28 INFO  : plnx-install-location is set to ''
04:00:28 INFO  : Successfully done setting XSCT server connection channel  
04:00:28 INFO  : Successfully done query RDI_DATADIR 
04:00:28 INFO  : Successfully done setting workspace for the tool. 
04:00:50 INFO  : Result from executing command 'getProjects': space_invaders_plat
04:00:50 INFO  : Result from executing command 'getPlatforms': xilinx_zcu102_base_202310_1|E:/Xilinx/Vitis/2023.1/base_platforms/xilinx_zcu102_base_202310_1/xilinx_zcu102_base_202310_1.xpfm;xilinx_zcu102_base_dfx_202310_1|E:/Xilinx/Vitis/2023.1/base_platforms/xilinx_zcu102_base_dfx_202310_1/xilinx_zcu102_base_dfx_202310_1.xpfm;xilinx_zcu104_base_202310_1|E:/Xilinx/Vitis/2023.1/base_platforms/xilinx_zcu104_base_202310_1/xilinx_zcu104_base_202310_1.xpfm
04:01:15 ERROR : (XSDB Server)rm: cannot lstat `*.o': Invalid argument

04:01:15 ERROR : (XSDB Server)make: *** [Makefile:42: clean] Error 1

04:01:44 INFO  : Result from executing command 'getProjects': space_invaders_plat
04:01:44 INFO  : Result from executing command 'getPlatforms': space_invaders_plat|C:/Users/aboua/OneDrive/Desktop/projects/space_invaders_soc/space_invaders_soc_vitis/space_invaders_plat/export/space_invaders_plat/space_invaders_plat.xpfm;xilinx_zcu102_base_202310_1|E:/Xilinx/Vitis/2023.1/base_platforms/xilinx_zcu102_base_202310_1/xilinx_zcu102_base_202310_1.xpfm;xilinx_zcu102_base_dfx_202310_1|E:/Xilinx/Vitis/2023.1/base_platforms/xilinx_zcu102_base_dfx_202310_1/xilinx_zcu102_base_dfx_202310_1.xpfm;xilinx_zcu104_base_202310_1|E:/Xilinx/Vitis/2023.1/base_platforms/xilinx_zcu104_base_202310_1/xilinx_zcu104_base_202310_1.xpfm
04:08:43 INFO  : Checking for BSP changes to sync application flags for project 'space_invaders_app'...
04:15:21 INFO  : Connected to target on host '127.0.0.1' and port '3121'.
04:15:22 INFO  : Jtag cable 'Digilent Zybo Z7 210351BE7AAFA' is selected.
04:15:22 INFO  : 'jtag frequency' command is executed.
04:15:23 INFO  : Context for 'APU' is selected.
04:15:24 INFO  : System reset is completed.
04:15:27 INFO  : 'after 3000' command is executed.
04:15:27 INFO  : 'targets -set -filter {jtag_cable_name =~ "Digilent Zybo Z7 210351BE7AAFA" && level==0 && jtag_device_ctx=="jsn-Zybo Z7-210351BE7AAFA-13722093-0"}' command is executed.
04:15:29 INFO  : Device configured successfully with "C:/Users/aboua/OneDrive/Desktop/projects/space_invaders_soc/space_invaders_soc_vitis/space_invaders_app/_ide/bitstream/space_invaders_bd_wrapper.bit"
04:15:29 INFO  : Context for 'APU' is selected.
04:15:29 INFO  : Hardware design and registers information is loaded from 'C:/Users/aboua/OneDrive/Desktop/projects/space_invaders_soc/space_invaders_soc_vitis/space_invaders_plat/export/space_invaders_plat/hw/space_invaders_bd_wrapper.xsa'.
04:15:29 INFO  : 'configparams force-mem-access 1' command is executed.
04:15:29 INFO  : Context for 'APU' is selected.
04:15:29 INFO  : Sourcing of 'C:/Users/aboua/OneDrive/Desktop/projects/space_invaders_soc/space_invaders_soc_vitis/space_invaders_app/_ide/psinit/ps7_init.tcl' is done.
04:15:30 INFO  : 'ps7_init' command is executed.
04:15:30 INFO  : 'ps7_post_config' command is executed.
04:15:30 INFO  : Context for processor 'ps7_cortexa9_0' is selected.
04:15:31 INFO  : The application 'C:/Users/aboua/OneDrive/Desktop/projects/space_invaders_soc/space_invaders_soc_vitis/space_invaders_app/Debug/space_invaders_app.elf' is downloaded to processor 'ps7_cortexa9_0'.
04:15:31 INFO  : 'configparams force-mem-access 0' command is executed.
04:15:31 INFO  : ----------------XSDB Script----------------
connect -url tcp:127.0.0.1:3121
targets -set -nocase -filter {name =~"APU*"}
rst -system
after 3000
targets -set -filter {jtag_cable_name =~ "Digilent Zybo Z7 210351BE7AAFA" && level==0 && jtag_device_ctx=="jsn-Zybo Z7-210351BE7AAFA-13722093-0"}
fpga -file C:/Users/aboua/OneDrive/Desktop/projects/space_invaders_soc/space_invaders_soc_vitis/space_invaders_app/_ide/bitstream/space_invaders_bd_wrapper.bit
targets -set -nocase -filter {name =~"APU*"}
loadhw -hw C:/Users/aboua/OneDrive/Desktop/projects/space_invaders_soc/space_invaders_soc_vitis/space_invaders_plat/export/space_invaders_plat/hw/space_invaders_bd_wrapper.xsa -mem-ranges [list {0x40000000 0xbfffffff}] -regs
configparams force-mem-access 1
targets -set -nocase -filter {name =~"APU*"}
source C:/Users/aboua/OneDrive/Desktop/projects/space_invaders_soc/space_invaders_soc_vitis/space_invaders_app/_ide/psinit/ps7_init.tcl
ps7_init
ps7_post_config
targets -set -nocase -filter {name =~ "*A9*#0"}
dow C:/Users/aboua/OneDrive/Desktop/projects/space_invaders_soc/space_invaders_soc_vitis/space_invaders_app/Debug/space_invaders_app.elf
configparams force-mem-access 0
----------------End of Script----------------

04:15:31 INFO  : Context for processor 'ps7_cortexa9_0' is selected.
04:15:32 INFO  : 'con' command is executed.
04:15:32 INFO  : ----------------XSDB Script (After Launch)----------------
targets -set -nocase -filter {name =~ "*A9*#0"}
con
----------------End of Script----------------

04:15:32 INFO  : Launch script is exported to file 'C:\Users\aboua\OneDrive\Desktop\projects\space_invaders_soc\space_invaders_soc_vitis\space_invaders_app_system\_ide\scripts\debugger_space_invaders_app-default.tcl'
04:16:02 INFO  : Disconnected from the channel tcfchan#3.
04:16:03 INFO  : Connected to target on host '127.0.0.1' and port '3121'.
04:16:03 INFO  : Jtag cable 'Digilent Zybo Z7 210351BE7AAFA' is selected.
04:16:03 ERROR : port closed
04:16:03 INFO  : ----------------XSDB Script----------------
connect -url tcp:127.0.0.1:3121
----------------End of Script----------------

04:16:03 ERROR : port closed
04:16:31 INFO  : Checking for BSP changes to sync application flags for project 'space_invaders_app'...
04:16:37 INFO  : Connected to target on host '127.0.0.1' and port '3121'.
04:16:37 INFO  : Jtag cable 'Digilent Zybo Z7 210351BE7AAFA' is selected.
04:16:37 INFO  : 'jtag frequency' command is executed.
04:16:37 INFO  : Context for 'APU' is selected.
04:16:37 INFO  : System reset is completed.
04:16:40 INFO  : 'after 3000' command is executed.
04:16:40 INFO  : 'targets -set -filter {jtag_cable_name =~ "Digilent Zybo Z7 210351BE7AAFA" && level==0 && jtag_device_ctx=="jsn-Zybo Z7-210351BE7AAFA-13722093-0"}' command is executed.
04:16:41 INFO  : Device configured successfully with "C:/Users/aboua/OneDrive/Desktop/projects/space_invaders_soc/space_invaders_soc_vitis/space_invaders_app/_ide/bitstream/space_invaders_bd_wrapper.bit"
04:16:41 INFO  : Context for 'APU' is selected.
04:16:41 INFO  : Hardware design and registers information is loaded from 'C:/Users/aboua/OneDrive/Desktop/projects/space_invaders_soc/space_invaders_soc_vitis/space_invaders_plat/export/space_invaders_plat/hw/space_invaders_bd_wrapper.xsa'.
04:16:41 INFO  : 'configparams force-mem-access 1' command is executed.
04:16:41 INFO  : Context for 'APU' is selected.
04:16:41 INFO  : Sourcing of 'C:/Users/aboua/OneDrive/Desktop/projects/space_invaders_soc/space_invaders_soc_vitis/space_invaders_app/_ide/psinit/ps7_init.tcl' is done.
04:16:41 INFO  : 'ps7_init' command is executed.
04:16:41 INFO  : 'ps7_post_config' command is executed.
04:16:41 INFO  : Context for processor 'ps7_cortexa9_0' is selected.
04:16:41 INFO  : The application 'C:/Users/aboua/OneDrive/Desktop/projects/space_invaders_soc/space_invaders_soc_vitis/space_invaders_app/Debug/space_invaders_app.elf' is downloaded to processor 'ps7_cortexa9_0'.
04:16:41 INFO  : 'configparams force-mem-access 0' command is executed.
04:16:41 INFO  : ----------------XSDB Script----------------
connect -url tcp:127.0.0.1:3121
targets -set -nocase -filter {name =~"APU*"}
rst -system
after 3000
targets -set -filter {jtag_cable_name =~ "Digilent Zybo Z7 210351BE7AAFA" && level==0 && jtag_device_ctx=="jsn-Zybo Z7-210351BE7AAFA-13722093-0"}
fpga -file C:/Users/aboua/OneDrive/Desktop/projects/space_invaders_soc/space_invaders_soc_vitis/space_invaders_app/_ide/bitstream/space_invaders_bd_wrapper.bit
targets -set -nocase -filter {name =~"APU*"}
loadhw -hw C:/Users/aboua/OneDrive/Desktop/projects/space_invaders_soc/space_invaders_soc_vitis/space_invaders_plat/export/space_invaders_plat/hw/space_invaders_bd_wrapper.xsa -mem-ranges [list {0x40000000 0xbfffffff}] -regs
configparams force-mem-access 1
targets -set -nocase -filter {name =~"APU*"}
source C:/Users/aboua/OneDrive/Desktop/projects/space_invaders_soc/space_invaders_soc_vitis/space_invaders_app/_ide/psinit/ps7_init.tcl
ps7_init
ps7_post_config
targets -set -nocase -filter {name =~ "*A9*#0"}
dow C:/Users/aboua/OneDrive/Desktop/projects/space_invaders_soc/space_invaders_soc_vitis/space_invaders_app/Debug/space_invaders_app.elf
configparams force-mem-access 0
----------------End of Script----------------

04:16:41 INFO  : Context for processor 'ps7_cortexa9_0' is selected.
04:16:42 INFO  : 'con' command is executed.
04:16:42 INFO  : ----------------XSDB Script (After Launch)----------------
targets -set -nocase -filter {name =~ "*A9*#0"}
con
----------------End of Script----------------

04:16:42 INFO  : Launch script is exported to file 'C:\Users\aboua\OneDrive\Desktop\projects\space_invaders_soc\space_invaders_soc_vitis\space_invaders_app_system\_ide\scripts\debugger_space_invaders_app-default.tcl'
04:43:53 INFO  : Hardware specification for platform project 'space_invaders_plat' is updated.
04:44:56 INFO  : Result from executing command 'getProjects': space_invaders_plat
04:44:56 INFO  : Result from executing command 'getPlatforms': space_invaders_plat|C:/Users/aboua/OneDrive/Desktop/projects/space_invaders_soc/space_invaders_soc_vitis/space_invaders_plat/export/space_invaders_plat/space_invaders_plat.xpfm;xilinx_zcu102_base_202310_1|E:/Xilinx/Vitis/2023.1/base_platforms/xilinx_zcu102_base_202310_1/xilinx_zcu102_base_202310_1.xpfm;xilinx_zcu102_base_dfx_202310_1|E:/Xilinx/Vitis/2023.1/base_platforms/xilinx_zcu102_base_dfx_202310_1/xilinx_zcu102_base_dfx_202310_1.xpfm;xilinx_zcu104_base_202310_1|E:/Xilinx/Vitis/2023.1/base_platforms/xilinx_zcu104_base_202310_1/xilinx_zcu104_base_202310_1.xpfm
04:45:36 INFO  : Checking for BSP changes to sync application flags for project 'space_invaders_app'...
04:45:38 INFO  : The hardware specification used by project 'space_invaders_app' is out of sync with the platform. Resource files extracted from the hardware specification will be updated.
04:45:38 INFO  : The file 'C:\Users\aboua\OneDrive\Desktop\projects\space_invaders_soc\space_invaders_soc_vitis\space_invaders_app\_ide\bitstream\space_invaders_bd_wrapper.bit' stored in project is removed.
04:45:38 INFO  : The updated bitstream files are copied from platform to folder 'C:\Users\aboua\OneDrive\Desktop\projects\space_invaders_soc\space_invaders_soc_vitis\space_invaders_app\_ide\bitstream' in project 'space_invaders_app'.
04:45:38 INFO  : The file 'C:\Users\aboua\OneDrive\Desktop\projects\space_invaders_soc\space_invaders_soc_vitis\space_invaders_app\_ide\psinit\ps7_init.tcl' stored in project is removed.
04:45:42 INFO  : The updated ps init files are copied from platform to folder 'C:\Users\aboua\OneDrive\Desktop\projects\space_invaders_soc\space_invaders_soc_vitis\space_invaders_app\_ide\psinit' in project 'space_invaders_app'.
04:46:30 INFO  : Disconnected from the channel tcfchan#4.
04:46:31 INFO  : Connected to target on host '127.0.0.1' and port '3121'.
04:46:31 INFO  : Jtag cable 'Digilent Zybo Z7 210351BE7AAFA' is selected.
04:46:31 ERROR : port closed
04:46:31 INFO  : ----------------XSDB Script----------------
connect -url tcp:127.0.0.1:3121
----------------End of Script----------------

04:46:31 ERROR : port closed
04:46:38 INFO  : Checking for BSP changes to sync application flags for project 'space_invaders_app'...
04:46:48 INFO  : Connected to target on host '127.0.0.1' and port '3121'.
04:46:48 INFO  : Jtag cable 'Digilent Zybo Z7 210351BE7AAFA' is selected.
04:46:48 INFO  : 'jtag frequency' command is executed.
04:46:48 INFO  : Context for 'APU' is selected.
04:46:48 INFO  : System reset is completed.
04:46:51 INFO  : 'after 3000' command is executed.
04:46:51 INFO  : 'targets -set -filter {jtag_cable_name =~ "Digilent Zybo Z7 210351BE7AAFA" && level==0 && jtag_device_ctx=="jsn-Zybo Z7-210351BE7AAFA-13722093-0"}' command is executed.
04:46:52 INFO  : Device configured successfully with "C:/Users/aboua/OneDrive/Desktop/projects/space_invaders_soc/space_invaders_soc_vitis/space_invaders_app/_ide/bitstream/space_invaders_bd_wrapper.bit"
04:46:52 INFO  : Context for 'APU' is selected.
04:46:52 INFO  : Hardware design and registers information is loaded from 'C:/Users/aboua/OneDrive/Desktop/projects/space_invaders_soc/space_invaders_soc_vitis/space_invaders_plat/export/space_invaders_plat/hw/space_invaders_bd_wrapper.xsa'.
04:46:52 INFO  : 'configparams force-mem-access 1' command is executed.
04:46:52 INFO  : Context for 'APU' is selected.
04:46:52 INFO  : Sourcing of 'C:/Users/aboua/OneDrive/Desktop/projects/space_invaders_soc/space_invaders_soc_vitis/space_invaders_app/_ide/psinit/ps7_init.tcl' is done.
04:46:53 INFO  : 'ps7_init' command is executed.
04:46:53 INFO  : 'ps7_post_config' command is executed.
04:46:53 INFO  : Context for processor 'ps7_cortexa9_0' is selected.
04:46:53 INFO  : The application 'C:/Users/aboua/OneDrive/Desktop/projects/space_invaders_soc/space_invaders_soc_vitis/space_invaders_app/Debug/space_invaders_app.elf' is downloaded to processor 'ps7_cortexa9_0'.
04:46:53 INFO  : 'configparams force-mem-access 0' command is executed.
04:46:53 INFO  : ----------------XSDB Script----------------
connect -url tcp:127.0.0.1:3121
targets -set -nocase -filter {name =~"APU*"}
rst -system
after 3000
targets -set -filter {jtag_cable_name =~ "Digilent Zybo Z7 210351BE7AAFA" && level==0 && jtag_device_ctx=="jsn-Zybo Z7-210351BE7AAFA-13722093-0"}
fpga -file C:/Users/aboua/OneDrive/Desktop/projects/space_invaders_soc/space_invaders_soc_vitis/space_invaders_app/_ide/bitstream/space_invaders_bd_wrapper.bit
targets -set -nocase -filter {name =~"APU*"}
loadhw -hw C:/Users/aboua/OneDrive/Desktop/projects/space_invaders_soc/space_invaders_soc_vitis/space_invaders_plat/export/space_invaders_plat/hw/space_invaders_bd_wrapper.xsa -mem-ranges [list {0x40000000 0xbfffffff}] -regs
configparams force-mem-access 1
targets -set -nocase -filter {name =~"APU*"}
source C:/Users/aboua/OneDrive/Desktop/projects/space_invaders_soc/space_invaders_soc_vitis/space_invaders_app/_ide/psinit/ps7_init.tcl
ps7_init
ps7_post_config
targets -set -nocase -filter {name =~ "*A9*#0"}
dow C:/Users/aboua/OneDrive/Desktop/projects/space_invaders_soc/space_invaders_soc_vitis/space_invaders_app/Debug/space_invaders_app.elf
configparams force-mem-access 0
----------------End of Script----------------

04:46:53 INFO  : Context for processor 'ps7_cortexa9_0' is selected.
04:46:53 INFO  : 'con' command is executed.
04:46:53 INFO  : ----------------XSDB Script (After Launch)----------------
targets -set -nocase -filter {name =~ "*A9*#0"}
con
----------------End of Script----------------

04:46:53 INFO  : Launch script is exported to file 'C:\Users\aboua\OneDrive\Desktop\projects\space_invaders_soc\space_invaders_soc_vitis\space_invaders_app_system\_ide\scripts\debugger_space_invaders_app-default.tcl'
04:51:57 INFO  : Checking for BSP changes to sync application flags for project 'space_invaders_app'...
04:52:07 INFO  : Disconnected from the channel tcfchan#8.
04:52:08 INFO  : Connected to target on host '127.0.0.1' and port '3121'.
04:52:08 INFO  : Jtag cable 'Digilent Zybo Z7 210351BE7AAFA' is selected.
04:52:08 INFO  : 'jtag frequency' command is executed.
04:52:10 INFO  : Context for 'APU' is selected.
04:52:10 INFO  : System reset is completed.
04:52:13 INFO  : 'after 3000' command is executed.
04:52:13 INFO  : 'targets -set -filter {jtag_cable_name =~ "Digilent Zybo Z7 210351BE7AAFA" && level==0 && jtag_device_ctx=="jsn-Zybo Z7-210351BE7AAFA-13722093-0"}' command is executed.
04:52:14 INFO  : Device configured successfully with "C:/Users/aboua/OneDrive/Desktop/projects/space_invaders_soc/space_invaders_soc_vitis/space_invaders_app/_ide/bitstream/space_invaders_bd_wrapper.bit"
04:52:14 INFO  : Context for 'APU' is selected.
04:52:14 INFO  : Hardware design and registers information is loaded from 'C:/Users/aboua/OneDrive/Desktop/projects/space_invaders_soc/space_invaders_soc_vitis/space_invaders_plat/export/space_invaders_plat/hw/space_invaders_bd_wrapper.xsa'.
04:52:14 INFO  : 'configparams force-mem-access 1' command is executed.
04:52:14 INFO  : Context for 'APU' is selected.
04:52:14 INFO  : Sourcing of 'C:/Users/aboua/OneDrive/Desktop/projects/space_invaders_soc/space_invaders_soc_vitis/space_invaders_app/_ide/psinit/ps7_init.tcl' is done.
04:52:15 INFO  : 'ps7_init' command is executed.
04:52:15 INFO  : 'ps7_post_config' command is executed.
04:52:15 INFO  : Context for processor 'ps7_cortexa9_0' is selected.
04:52:15 INFO  : The application 'C:/Users/aboua/OneDrive/Desktop/projects/space_invaders_soc/space_invaders_soc_vitis/space_invaders_app/Debug/space_invaders_app.elf' is downloaded to processor 'ps7_cortexa9_0'.
04:52:15 INFO  : 'configparams force-mem-access 0' command is executed.
04:52:15 INFO  : ----------------XSDB Script----------------
connect -url tcp:127.0.0.1:3121
targets -set -nocase -filter {name =~"APU*"}
rst -system
after 3000
targets -set -filter {jtag_cable_name =~ "Digilent Zybo Z7 210351BE7AAFA" && level==0 && jtag_device_ctx=="jsn-Zybo Z7-210351BE7AAFA-13722093-0"}
fpga -file C:/Users/aboua/OneDrive/Desktop/projects/space_invaders_soc/space_invaders_soc_vitis/space_invaders_app/_ide/bitstream/space_invaders_bd_wrapper.bit
targets -set -nocase -filter {name =~"APU*"}
loadhw -hw C:/Users/aboua/OneDrive/Desktop/projects/space_invaders_soc/space_invaders_soc_vitis/space_invaders_plat/export/space_invaders_plat/hw/space_invaders_bd_wrapper.xsa -mem-ranges [list {0x40000000 0xbfffffff}] -regs
configparams force-mem-access 1
targets -set -nocase -filter {name =~"APU*"}
source C:/Users/aboua/OneDrive/Desktop/projects/space_invaders_soc/space_invaders_soc_vitis/space_invaders_app/_ide/psinit/ps7_init.tcl
ps7_init
ps7_post_config
targets -set -nocase -filter {name =~ "*A9*#0"}
dow C:/Users/aboua/OneDrive/Desktop/projects/space_invaders_soc/space_invaders_soc_vitis/space_invaders_app/Debug/space_invaders_app.elf
configparams force-mem-access 0
----------------End of Script----------------

04:52:15 INFO  : Context for processor 'ps7_cortexa9_0' is selected.
04:52:15 INFO  : 'con' command is executed.
04:52:15 INFO  : ----------------XSDB Script (After Launch)----------------
targets -set -nocase -filter {name =~ "*A9*#0"}
con
----------------End of Script----------------

04:52:15 INFO  : Launch script is exported to file 'C:\Users\aboua\OneDrive\Desktop\projects\space_invaders_soc\space_invaders_soc_vitis\space_invaders_app_system\_ide\scripts\debugger_space_invaders_app-default.tcl'
05:12:18 INFO  : Checking for BSP changes to sync application flags for project 'space_invaders_app'...
05:13:02 INFO  : Disconnected from the channel tcfchan#11.
05:13:03 INFO  : Connected to target on host '127.0.0.1' and port '3121'.
05:13:12 INFO  : ----------------XSDB Script----------------
connect -url tcp:127.0.0.1:3121
----------------End of Script----------------

05:13:12 ERROR : Could not find FPGA device on the board for connection 'Local'.


Troubleshooting hints:
1. Check whether board is connected to system properly.
2. In case of zynq board, check whether Digilent/Xilinx cable switch settings are correct.
3. If you are using Xilinx Platform Cable USB, ensure that status LED is green.
05:15:14 INFO  : Connected to target on host '127.0.0.1' and port '3121'.
05:15:14 INFO  : Jtag cable 'Digilent Zybo Z7 210351BE7AAFA' is selected.
05:15:14 INFO  : 'jtag frequency' command is executed.
05:15:14 INFO  : Context for 'APU' is selected.
05:15:14 INFO  : System reset is completed.
05:15:18 INFO  : 'after 3000' command is executed.
05:15:18 INFO  : 'targets -set -filter {jtag_cable_name =~ "Digilent Zybo Z7 210351BE7AAFA" && level==0 && jtag_device_ctx=="jsn-Zybo Z7-210351BE7AAFA-13722093-0"}' command is executed.
05:15:19 INFO  : Device configured successfully with "C:/Users/aboua/OneDrive/Desktop/projects/space_invaders_soc/space_invaders_soc_vitis/space_invaders_app/_ide/bitstream/space_invaders_bd_wrapper.bit"
05:15:19 INFO  : Context for 'APU' is selected.
05:15:19 INFO  : Hardware design and registers information is loaded from 'C:/Users/aboua/OneDrive/Desktop/projects/space_invaders_soc/space_invaders_soc_vitis/space_invaders_plat/export/space_invaders_plat/hw/space_invaders_bd_wrapper.xsa'.
05:15:19 INFO  : 'configparams force-mem-access 1' command is executed.
05:15:19 INFO  : Context for 'APU' is selected.
05:15:19 INFO  : Sourcing of 'C:/Users/aboua/OneDrive/Desktop/projects/space_invaders_soc/space_invaders_soc_vitis/space_invaders_app/_ide/psinit/ps7_init.tcl' is done.
05:15:19 INFO  : 'ps7_init' command is executed.
05:15:19 INFO  : 'ps7_post_config' command is executed.
05:15:19 INFO  : Context for processor 'ps7_cortexa9_0' is selected.
05:15:19 INFO  : The application 'C:/Users/aboua/OneDrive/Desktop/projects/space_invaders_soc/space_invaders_soc_vitis/space_invaders_app/Debug/space_invaders_app.elf' is downloaded to processor 'ps7_cortexa9_0'.
05:15:19 INFO  : 'configparams force-mem-access 0' command is executed.
05:15:19 INFO  : ----------------XSDB Script----------------
connect -url tcp:127.0.0.1:3121
targets -set -nocase -filter {name =~"APU*"}
rst -system
after 3000
targets -set -filter {jtag_cable_name =~ "Digilent Zybo Z7 210351BE7AAFA" && level==0 && jtag_device_ctx=="jsn-Zybo Z7-210351BE7AAFA-13722093-0"}
fpga -file C:/Users/aboua/OneDrive/Desktop/projects/space_invaders_soc/space_invaders_soc_vitis/space_invaders_app/_ide/bitstream/space_invaders_bd_wrapper.bit
targets -set -nocase -filter {name =~"APU*"}
loadhw -hw C:/Users/aboua/OneDrive/Desktop/projects/space_invaders_soc/space_invaders_soc_vitis/space_invaders_plat/export/space_invaders_plat/hw/space_invaders_bd_wrapper.xsa -mem-ranges [list {0x40000000 0xbfffffff}] -regs
configparams force-mem-access 1
targets -set -nocase -filter {name =~"APU*"}
source C:/Users/aboua/OneDrive/Desktop/projects/space_invaders_soc/space_invaders_soc_vitis/space_invaders_app/_ide/psinit/ps7_init.tcl
ps7_init
ps7_post_config
targets -set -nocase -filter {name =~ "*A9*#0"}
dow C:/Users/aboua/OneDrive/Desktop/projects/space_invaders_soc/space_invaders_soc_vitis/space_invaders_app/Debug/space_invaders_app.elf
configparams force-mem-access 0
----------------End of Script----------------

05:15:19 INFO  : Context for processor 'ps7_cortexa9_0' is selected.
05:15:19 INFO  : 'con' command is executed.
05:15:19 INFO  : ----------------XSDB Script (After Launch)----------------
targets -set -nocase -filter {name =~ "*A9*#0"}
con
----------------End of Script----------------

05:15:19 INFO  : Launch script is exported to file 'C:\Users\aboua\OneDrive\Desktop\projects\space_invaders_soc\space_invaders_soc_vitis\space_invaders_app_system\_ide\scripts\debugger_space_invaders_app-default.tcl'
05:23:22 INFO  : Hardware specification for platform project 'space_invaders_plat' is updated.
05:23:46 INFO  : Result from executing command 'getProjects': space_invaders_plat
05:23:46 INFO  : Result from executing command 'getPlatforms': xilinx_zcu102_base_202310_1|E:/Xilinx/Vitis/2023.1/base_platforms/xilinx_zcu102_base_202310_1/xilinx_zcu102_base_202310_1.xpfm;xilinx_zcu102_base_dfx_202310_1|E:/Xilinx/Vitis/2023.1/base_platforms/xilinx_zcu102_base_dfx_202310_1/xilinx_zcu102_base_dfx_202310_1.xpfm;xilinx_zcu104_base_202310_1|E:/Xilinx/Vitis/2023.1/base_platforms/xilinx_zcu104_base_202310_1/xilinx_zcu104_base_202310_1.xpfm
05:23:50 INFO  : Checking for BSP changes to sync application flags for project 'space_invaders_app'...
05:23:52 INFO  : The hardware specification used by project 'space_invaders_app' is out of sync with the platform. Resource files extracted from the hardware specification will be updated.
05:23:52 INFO  : The file 'C:\Users\aboua\OneDrive\Desktop\projects\space_invaders_soc\space_invaders_soc_vitis\space_invaders_app\_ide\bitstream\space_invaders_bd_wrapper.bit' stored in project is removed.
05:23:52 INFO  : The updated bitstream files are copied from platform to folder 'C:\Users\aboua\OneDrive\Desktop\projects\space_invaders_soc\space_invaders_soc_vitis\space_invaders_app\_ide\bitstream' in project 'space_invaders_app'.
05:23:52 INFO  : The file 'C:\Users\aboua\OneDrive\Desktop\projects\space_invaders_soc\space_invaders_soc_vitis\space_invaders_app\_ide\psinit\ps7_init.tcl' stored in project is removed.
05:23:56 INFO  : The updated ps init files are copied from platform to folder 'C:\Users\aboua\OneDrive\Desktop\projects\space_invaders_soc\space_invaders_soc_vitis\space_invaders_app\_ide\psinit' in project 'space_invaders_app'.
05:24:10 INFO  : Disconnected from the channel tcfchan#13.
05:24:11 INFO  : Connected to target on host '127.0.0.1' and port '3121'.
05:24:14 INFO  : Jtag cable 'Digilent Zybo Z7 210351BE7AAFA' is selected.
05:24:14 INFO  : 'jtag frequency' command is executed.
05:24:14 INFO  : Context for 'APU' is selected.
05:24:14 INFO  : System reset is completed.
05:24:17 INFO  : 'after 3000' command is executed.
05:24:17 INFO  : 'targets -set -filter {jtag_cable_name =~ "Digilent Zybo Z7 210351BE7AAFA" && level==0 && jtag_device_ctx=="jsn-Zybo Z7-210351BE7AAFA-13722093-0"}' command is executed.
05:24:18 INFO  : Device configured successfully with "C:/Users/aboua/OneDrive/Desktop/projects/space_invaders_soc/space_invaders_soc_vitis/space_invaders_app/_ide/bitstream/space_invaders_bd_wrapper.bit"
05:24:18 INFO  : Context for 'APU' is selected.
05:24:18 INFO  : Hardware design and registers information is loaded from 'C:/Users/aboua/OneDrive/Desktop/projects/space_invaders_soc/space_invaders_soc_vitis/space_invaders_plat/export/space_invaders_plat/hw/space_invaders_bd_wrapper.xsa'.
05:24:18 INFO  : 'configparams force-mem-access 1' command is executed.
05:24:18 INFO  : Context for 'APU' is selected.
05:24:18 INFO  : Sourcing of 'C:/Users/aboua/OneDrive/Desktop/projects/space_invaders_soc/space_invaders_soc_vitis/space_invaders_app/_ide/psinit/ps7_init.tcl' is done.
05:24:18 INFO  : 'ps7_init' command is executed.
05:24:19 INFO  : 'ps7_post_config' command is executed.
05:24:19 INFO  : Context for processor 'ps7_cortexa9_0' is selected.
05:24:19 INFO  : The application 'C:/Users/aboua/OneDrive/Desktop/projects/space_invaders_soc/space_invaders_soc_vitis/space_invaders_app/Debug/space_invaders_app.elf' is downloaded to processor 'ps7_cortexa9_0'.
05:24:19 INFO  : 'configparams force-mem-access 0' command is executed.
05:24:19 INFO  : ----------------XSDB Script----------------
connect -url tcp:127.0.0.1:3121
targets -set -nocase -filter {name =~"APU*"}
rst -system
after 3000
targets -set -filter {jtag_cable_name =~ "Digilent Zybo Z7 210351BE7AAFA" && level==0 && jtag_device_ctx=="jsn-Zybo Z7-210351BE7AAFA-13722093-0"}
fpga -file C:/Users/aboua/OneDrive/Desktop/projects/space_invaders_soc/space_invaders_soc_vitis/space_invaders_app/_ide/bitstream/space_invaders_bd_wrapper.bit
targets -set -nocase -filter {name =~"APU*"}
loadhw -hw C:/Users/aboua/OneDrive/Desktop/projects/space_invaders_soc/space_invaders_soc_vitis/space_invaders_plat/export/space_invaders_plat/hw/space_invaders_bd_wrapper.xsa -mem-ranges [list {0x40000000 0xbfffffff}] -regs
configparams force-mem-access 1
targets -set -nocase -filter {name =~"APU*"}
source C:/Users/aboua/OneDrive/Desktop/projects/space_invaders_soc/space_invaders_soc_vitis/space_invaders_app/_ide/psinit/ps7_init.tcl
ps7_init
ps7_post_config
targets -set -nocase -filter {name =~ "*A9*#0"}
dow C:/Users/aboua/OneDrive/Desktop/projects/space_invaders_soc/space_invaders_soc_vitis/space_invaders_app/Debug/space_invaders_app.elf
configparams force-mem-access 0
----------------End of Script----------------

05:24:19 INFO  : Context for processor 'ps7_cortexa9_0' is selected.
05:24:19 INFO  : 'con' command is executed.
05:24:19 INFO  : ----------------XSDB Script (After Launch)----------------
targets -set -nocase -filter {name =~ "*A9*#0"}
con
----------------End of Script----------------

05:24:19 INFO  : Launch script is exported to file 'C:\Users\aboua\OneDrive\Desktop\projects\space_invaders_soc\space_invaders_soc_vitis\space_invaders_app_system\_ide\scripts\debugger_space_invaders_app-default.tcl'
05:41:45 INFO  : Disconnected from the channel tcfchan#16.
